<?xml version="1.0" encoding="UTF-8"?>
<!-- Generated by org.testng.reporters.JUnitReportReporter -->
<testsuite hostname="ASUS-i3250" failures="0" tests="3" name="almosafer.TLogin" time="0.539" errors="0" timestamp="2023-11-13T21:21:22 EET" skipped="0">
  <testcase classname="almosafer.TLogin" name="Randomlyselect" time="0.333"/>
  <testcase classname="almosafer.TLogin" name="Randomlyselect" time="0.105"/>
  <testcase classname="almosafer.TLogin" name="Randomlyselect" time="0.101"/>
</testsuite> <!-- almosafer.TLogin -->
